{"level":"info","message":"Server is running","timestamp":"2024-12-26T08:57:01.095Z"}
{"level":"info","message":"Server is running","timestamp":"2024-12-26T09:04:27.148Z"}
{"level":"info","message":"Server is running","timestamp":"2024-12-26T09:07:45.158Z"}
{"level":"info","message":"Server is running","timestamp":"2024-12-26T11:05:12.127Z"}
{"level":"info","message":"Server is running","timestamp":"2024-12-26T11:14:20.297Z"}
{"level":"error","message":"Error in login: PrismaClientKnownRequestError: \nInvalid `prisma.user.findFirst()` invocation in\n/Users/anasaljawabrah/web/prisma-examples/orm/express/src/controller/auth.controller.ts:76:36\n\n  73 try {\n  74   const { emailOrPhone, password } = req.body;\n  75 \n→ 76   const user = await prisma.user.findFirst(\nThe table `user` does not exist in the current database.","timestamp":"2024-12-26T11:14:24.635Z"}
{"level":"error","message":"Error in login: PrismaClientKnownRequestError: \nInvalid `prisma.user.findFirst()` invocation in\n/Users/anasaljawabrah/web/prisma-examples/orm/express/src/controller/auth.controller.ts:76:36\n\n  73 try {\n  74   const { emailOrPhone, password } = req.body;\n  75 \n→ 76   const user = await prisma.user.findFirst(\nThe table `user` does not exist in the current database.","timestamp":"2024-12-26T11:15:14.936Z"}
{"level":"error","message":"Error in login: PrismaClientKnownRequestError: \nInvalid `prisma.user.findFirst()` invocation:\n\n\nThe table `user` does not exist in the current database.","timestamp":"2024-12-26T11:20:09.774Z"}
{"level":"info","message":"Server is running","timestamp":"2024-12-26T11:20:28.658Z"}
{"level":"error","message":"Error in login: PrismaClientKnownRequestError: \nInvalid `prisma.user.findFirst()` invocation in\n/Users/anasaljawabrah/web/prisma-examples/orm/express/src/controller/auth.controller.ts:73:36\n\n  70 const { email, phone, password } = req.body;\n  71 \n  72 // Check if email or phone is provided, and search for the user\n→ 73 const user = await prisma.user.findFirst(\nThe table `user` does not exist in the current database.","timestamp":"2024-12-26T11:20:32.843Z"}
{"level":"warn","message":"User with email user@gmail.com or phone undefined not found.","timestamp":"2024-12-26T11:24:55.155Z"}
{"level":"warn","message":"User with email user@gmail.com or phone 0787878945 not found.","timestamp":"2024-12-26T11:37:59.495Z"}
{"level":"info","message":"User user@gmail.com created successfully.","timestamp":"2024-12-26T11:40:02.400Z"}
{"level":"info","message":"User with user@gmail.com logged in successfully.","timestamp":"2024-12-26T11:40:52.209Z"}
{"level":"info","message":"Server is running","timestamp":"2024-12-26T11:45:19.786Z"}
{"level":"info","message":"User with 0787878945 logged in successfully.","timestamp":"2024-12-26T11:45:24.002Z"}
{"level":"info","message":"User with user@gmail.com logged in successfully.","timestamp":"2024-12-26T11:45:37.338Z"}
{"level":"info","message":"User with user@gmail.com logged in successfully.","timestamp":"2024-12-26T11:45:41.486Z"}
{"level":"info","message":"Server is running","timestamp":"2024-12-26T13:25:41.102Z"}
{"level":"info","message":"User with user@gmail.com logged in successfully.","timestamp":"2024-12-26T13:25:45.679Z"}
{"level":"info","message":"Server is running","timestamp":"2024-12-26T13:27:54.705Z"}
{"level":"info","message":"Server is running","timestamp":"2024-12-26T13:30:04.471Z"}
{"level":"info","message":"Server is running","timestamp":"2024-12-26T13:30:58.483Z"}
{"level":"info","message":"Server is running","timestamp":"2024-12-26T13:33:42.203Z"}
{"level":"info","message":"Server is running","timestamp":"2024-12-26T13:37:51.569Z"}
{"level":"info","message":"Server is running","timestamp":"2024-12-26T13:39:04.720Z"}
{"level":"info","message":"Server is running","timestamp":"2024-12-26T13:42:33.210Z"}
{"level":"warn","message":"User with email user@example.com or phone +1234567890 not found.","timestamp":"2024-12-26T13:42:57.737Z"}
{"level":"warn","message":"User with email user@example.com or phone +1234567890 not found.","timestamp":"2024-12-26T13:43:19.880Z"}
{"level":"warn","message":"User with email user@example.com or phone +1234567890 not found.","timestamp":"2024-12-26T13:43:23.553Z"}
{"level":"info","message":"User user@example.com created successfully.","timestamp":"2024-12-26T13:43:38.270Z"}
{"level":"warn","message":"User with email user@example.com already exists.","timestamp":"2024-12-26T13:43:41.015Z"}
{"level":"info","message":"User with user@example.com logged in successfully.","timestamp":"2024-12-26T13:43:51.510Z"}
{"level":"info","message":"User with user@example.com logged in successfully.","timestamp":"2024-12-26T13:43:52.754Z"}
{"level":"info","message":"User with 0787878945 logged in successfully.","timestamp":"2024-12-26T13:46:43.684Z"}
{"level":"info","message":"Server is running","timestamp":"2024-12-26T13:47:15.429Z"}
{"level":"info","message":"Server is running","timestamp":"2024-12-26T13:48:09.293Z"}
{"level":"info","message":"User with 0787878945 logged in successfully.","timestamp":"2024-12-26T13:48:16.605Z"}
{"level":"info","message":"User with 0787878945 logged in successfully.","timestamp":"2024-12-26T13:48:35.639Z"}
{"level":"info","message":"User with 0787878945 logged in successfully.","timestamp":"2024-12-26T13:49:17.422Z"}
{"level":"info","message":"User with user@example.com logged in successfully.","timestamp":"2024-12-26T13:50:29.617Z"}
{"level":"info","message":"User with user@example.com logged in successfully.","timestamp":"2024-12-26T13:50:30.548Z"}
{"level":"info","message":"Server is running","timestamp":"2024-12-26T13:51:22.948Z"}
{"level":"info","message":"Server is running","timestamp":"2024-12-26T13:51:42.145Z"}
{"level":"info","message":"Server is running","timestamp":"2024-12-26T13:56:08.497Z"}
{"level":"info","message":"Server is running","timestamp":"2024-12-26T13:56:20.278Z"}
{"level":"info","message":"Server is running","timestamp":"2024-12-26T14:00:35.329Z"}
{"level":"info","message":"Server is running","timestamp":"2024-12-26T14:07:06.925Z"}
{"level":"info","message":"Server is running","timestamp":"2024-12-26T14:08:31.534Z"}
{"level":"info","message":"Server is running","timestamp":"2024-12-26T14:11:07.498Z"}
{"level":"info","message":"Server is running","timestamp":"2024-12-26T14:13:28.267Z"}
{"level":"info","message":"Server is running","timestamp":"2024-12-26T14:17:22.729Z"}
{"level":"info","message":"Server is running","timestamp":"2024-12-26T14:21:07.653Z"}
{"level":"info","message":"Server is running","timestamp":"2024-12-26T14:29:07.999Z"}
{"level":"info","message":"User with 0787878945 logged in successfully.","timestamp":"2024-12-26T14:29:41.742Z"}
{"level":"info","message":"Server is running","timestamp":"2024-12-26T14:37:06.081Z"}
{"level":"info","message":"Server is running","timestamp":"2024-12-26T14:44:27.584Z"}
{"level":"info","message":"Server is running","timestamp":"2024-12-26T14:46:36.920Z"}
{"level":"info","message":"Server is running","timestamp":"2024-12-26T15:00:47.145Z"}
{"level":"info","message":"Server is running","timestamp":"2024-12-26T15:01:20.568Z"}
{"level":"warn","message":"User with email user@example.com or phone +1234567890 not found.","timestamp":"2024-12-26T15:01:35.365Z"}
{"level":"warn","message":"User with email user@example.com or phone +1234567890 not found.","timestamp":"2024-12-26T15:01:39.247Z"}
{"level":"info","message":"User user@example.com created successfully.","timestamp":"2024-12-26T15:01:44.441Z"}
{"level":"warn","message":"User with email user@example.com already exists.","timestamp":"2024-12-26T15:01:46.395Z"}
{"level":"info","message":"User with user@example.com logged in successfully.","timestamp":"2024-12-26T15:01:53.670Z"}
{"level":"info","message":"Server is running","timestamp":"2024-12-26T15:03:08.370Z"}
{"level":"info","message":"Server is running","timestamp":"2024-12-26T15:09:49.949Z"}
{"level":"warn","message":"User with email undefined or phone 0787878945 not found.","timestamp":"2024-12-26T15:10:08.956Z"}
{"level":"info","message":"User with user@example.com logged in successfully.","timestamp":"2024-12-26T15:10:31.747Z"}
{"level":"info","message":"Server is running","timestamp":"2024-12-26T19:58:57.652Z"}
{"level":"info","message":"Server is running","timestamp":"2024-12-26T20:22:05.713Z"}
{"level":"info","message":"Server is running","timestamp":"2024-12-26T20:45:44.550Z"}
{"level":"info","message":"Server is running","timestamp":"2024-12-26T20:47:37.744Z"}
{"level":"info","message":"User with user@example.com logged in successfully.","timestamp":"2024-12-26T20:48:28.962Z"}
{"level":"info","message":"User logged out successfully.","timestamp":"2024-12-26T20:49:50.740Z"}
{"level":"info","message":"User logged out successfully.","timestamp":"2024-12-26T20:49:51.996Z"}
{"level":"info","message":"User with user@example.com logged in successfully.","timestamp":"2024-12-26T20:51:48.199Z"}
{"level":"info","message":"User with user@example.com logged in successfully.","timestamp":"2024-12-26T20:51:49.066Z"}
{"level":"info","message":"Server is running","timestamp":"2024-12-26T20:54:31.080Z"}
{"level":"info","message":"Server is running","timestamp":"2024-12-26T21:07:39.821Z"}
{"level":"info","message":"Server is running","timestamp":"2024-12-26T21:12:59.478Z"}
{"level":"info","message":"Server is running","timestamp":"2024-12-26T21:15:02.094Z"}
{"level":"info","message":"Server is running","timestamp":"2024-12-26T21:20:46.830Z"}
{"level":"info","message":"Server is running","timestamp":"2024-12-26T21:22:55.795Z"}
{"level":"info","message":"Server is running","timestamp":"2024-12-26T21:25:32.783Z"}
{"level":"info","message":"Server is running","timestamp":"2024-12-26T21:32:26.280Z"}
{"level":"info","message":"Server is running","timestamp":"2024-12-26T21:38:23.940Z"}
{"level":"info","message":"Server is running","timestamp":"2024-12-26T21:41:28.513Z"}
{"level":"info","message":"Server is running","timestamp":"2024-12-26T21:45:45.710Z"}
{"level":"info","message":"Server is running","timestamp":"2024-12-27T22:15:24.064Z"}
{"level":"warn","message":"Incorrect password for user alice@prisma.io.","timestamp":"2024-12-27T22:26:13.296Z"}
{"level":"warn","message":"Incorrect password for user alice@prisma.io.","timestamp":"2024-12-27T22:26:14.292Z"}
{"level":"warn","message":"Incorrect password for user alice@prisma.io.","timestamp":"2024-12-27T22:26:20.063Z"}
{"level":"warn","message":"Incorrect password for user alice@prisma.io.","timestamp":"2024-12-27T22:26:20.866Z"}
{"level":"warn","message":"Incorrect password for user alice@prisma.io.","timestamp":"2024-12-27T22:26:30.873Z"}
{"level":"warn","message":"Incorrect password for user alice@prisma.io.","timestamp":"2024-12-27T22:26:31.390Z"}
{"level":"warn","message":"Incorrect password for user alice@prisma.io.","timestamp":"2024-12-27T22:26:31.545Z"}
{"level":"warn","message":"Incorrect password for user alice@prisma.io.","timestamp":"2024-12-27T22:26:34.104Z"}
{"level":"warn","message":"Incorrect password for user alice@prisma.io.","timestamp":"2024-12-27T22:26:34.270Z"}
{"level":"info","message":"User user@example.com created successfully.","timestamp":"2024-12-27T22:27:46.700Z"}
{"level":"warn","message":"User with email user@example.com already exists.","timestamp":"2024-12-27T22:27:47.597Z"}
{"level":"info","message":"User with user@example.com logged in successfully.","timestamp":"2024-12-27T22:28:31.025Z"}
{"level":"info","message":"Server is running","timestamp":"2024-12-27T22:31:25.624Z"}
{"level":"info","message":"Server is running","timestamp":"2024-12-28T09:17:51.522Z"}
{"level":"info","message":"Server is running","timestamp":"2024-12-28T09:19:42.883Z"}
{"level":"info","message":"Server is running","timestamp":"2024-12-28T09:36:22.440Z"}
{"level":"info","message":"Server is running","timestamp":"2024-12-28T09:40:12.065Z"}
{"level":"info","message":"Server is running","timestamp":"2024-12-28T09:40:53.777Z"}
{"level":"info","message":"Server is running","timestamp":"2024-12-28T09:42:20.086Z"}
{"level":"info","message":"Server is running","timestamp":"2024-12-28T11:09:43.538Z"}
{"level":"info","message":"Server is running","timestamp":"2024-12-28T11:52:28.802Z"}
{"level":"info","message":"Server is running","timestamp":"2024-12-28T11:55:09.168Z"}
{"level":"info","message":"Server is running","timestamp":"2024-12-28T11:57:51.290Z"}
{"level":"info","message":"Server is running","timestamp":"2024-12-28T11:59:57.125Z"}
{"level":"info","message":"Server is running","timestamp":"2024-12-28T12:02:41.679Z"}
{"level":"info","message":"Server is running","timestamp":"2024-12-28T12:03:12.696Z"}
{"level":"info","message":"Server is running","timestamp":"2024-12-28T12:06:28.945Z"}
{"level":"info","message":"Server is running","timestamp":"2024-12-28T12:07:44.797Z"}
{"level":"info","message":"Server is running","timestamp":"2024-12-28T12:10:29.854Z"}
{"level":"warn","message":"User with email admin@domain.com or phone undefined not found.","timestamp":"2024-12-28T14:53:08.283Z"}
{"level":"warn","message":"User with email admin@domain.com or phone undefined not found.","timestamp":"2024-12-28T19:28:40.213Z"}
{"level":"warn","message":"User with email admin@domain.com or phone undefined not found.","timestamp":"2024-12-28T19:28:44.726Z"}
{"level":"warn","message":"User with email admin@domain.com or phone undefined not found.","timestamp":"2024-12-28T19:29:02.262Z"}
{"level":"warn","message":"User with email user@example.com or phone +1234567890 not found.","timestamp":"2024-12-28T19:29:53.513Z"}
{"level":"warn","message":"User with email user@example.com or phone +1234567890 not found.","timestamp":"2024-12-28T19:29:55.937Z"}
{"level":"warn","message":"User with email user@example.com or phone +1234567890 not found.","timestamp":"2024-12-28T19:29:56.764Z"}
{"level":"info","message":"User user@example.com created successfully.","timestamp":"2024-12-28T19:30:02.081Z"}
{"level":"info","message":"User with user@example.com logged in successfully.","timestamp":"2024-12-28T19:30:09.224Z"}
{"level":"info","message":"User with user@example.com logged in successfully.","timestamp":"2024-12-28T19:31:39.221Z"}
{"level":"info","message":"User with user@example.com logged in successfully.","timestamp":"2024-12-28T19:38:36.462Z"}
{"level":"info","message":"User with user@example.com logged in successfully.","timestamp":"2024-12-28T19:39:09.682Z"}
{"level":"info","message":"User with user@example.com logged in successfully.","timestamp":"2024-12-28T19:42:28.015Z"}
{"level":"info","message":"Server is running","timestamp":"2024-12-28T19:59:39.516Z"}
{"level":"info","message":"Server is running","timestamp":"2024-12-28T20:00:10.567Z"}
{"level":"info","message":"Server is running","timestamp":"2024-12-28T20:00:25.515Z"}
{"level":"info","message":"Server is running","timestamp":"2024-12-28T20:02:26.688Z"}
{"level":"info","message":"User with user@example.com logged in successfully.","timestamp":"2024-12-28T20:02:27.028Z"}
{"level":"info","message":"User with user@example.com logged in successfully.","timestamp":"2024-12-28T20:02:47.445Z"}
{"level":"info","message":"User with user@example.com logged in successfully.","timestamp":"2024-12-28T20:13:37.831Z"}
{"level":"info","message":"User with user@example.com logged in successfully.","timestamp":"2024-12-28T20:15:39.533Z"}
{"level":"info","message":"Server is running","timestamp":"2024-12-28T20:27:38.618Z"}
{"level":"info","message":"User with user@example.com logged in successfully.","timestamp":"2024-12-28T20:46:36.176Z"}
{"level":"warn","message":"User with email admin@domain.com or phone undefined not found.","timestamp":"2024-12-28T20:48:35.518Z"}
{"level":"warn","message":"User with email admin@domain.com or phone undefined not found.","timestamp":"2024-12-28T20:48:36.535Z"}
{"level":"info","message":"User with user@example.com logged in successfully.","timestamp":"2024-12-28T20:48:51.939Z"}
{"level":"info","message":"User with user@example.com logged in successfully.","timestamp":"2024-12-28T20:49:05.019Z"}
{"level":"info","message":"User with user@example.com logged in successfully.","timestamp":"2024-12-28T20:53:14.103Z"}
{"level":"info","message":"User with user@example.com logged in successfully.","timestamp":"2024-12-28T20:58:28.213Z"}
{"level":"warn","message":"User with email user@example.com already exists.","timestamp":"2024-12-28T20:59:29.817Z"}
{"level":"info","message":"User admin@domain.com created successfully.","timestamp":"2024-12-28T21:07:55.611Z"}
{"level":"warn","message":"User with email admin@domain.com already exists.","timestamp":"2024-12-28T21:08:03.388Z"}
{"level":"info","message":"User admin2@domain.com created successfully.","timestamp":"2024-12-28T21:08:14.321Z"}
{"level":"info","message":"User with admin2@domain.com logged in successfully.","timestamp":"2024-12-28T21:08:46.095Z"}
{"level":"info","message":"User with admin2@domain.com logged in successfully.","timestamp":"2024-12-28T21:10:50.655Z"}
{"level":"info","message":"User with user@example.com logged in successfully.","timestamp":"2024-12-28T22:17:36.665Z"}
{"level":"info","message":"User with user@example.com logged in successfully.","timestamp":"2024-12-28T22:17:37.712Z"}
{"level":"info","message":"User with user@example.com logged in successfully.","timestamp":"2024-12-28T22:18:25.896Z"}
{"level":"info","message":"User with user@example.com logged in successfully.","timestamp":"2024-12-28T22:21:34.951Z"}
{"level":"info","message":"User with user@example.com logged in successfully.","timestamp":"2024-12-28T22:37:35.531Z"}
{"level":"warn","message":"Incorrect password for user admin@domain.com.","timestamp":"2024-12-28T22:42:00.970Z"}
{"level":"warn","message":"Incorrect password for user admin@domain.com.","timestamp":"2024-12-28T22:42:03.588Z"}
{"level":"warn","message":"Incorrect password for user admin@domain.com.","timestamp":"2024-12-28T22:42:04.217Z"}
{"level":"warn","message":"Incorrect password for user admin@domain.com.","timestamp":"2024-12-28T22:42:04.684Z"}
{"level":"warn","message":"Incorrect password for user admin@domain.com.","timestamp":"2024-12-28T22:42:04.948Z"}
{"level":"warn","message":"Incorrect password for user admin@domain.com.","timestamp":"2024-12-28T22:42:08.486Z"}
{"level":"warn","message":"Incorrect password for user admin@domain.com.","timestamp":"2024-12-28T22:42:11.000Z"}
{"level":"warn","message":"Incorrect password for user admin@domain.com.","timestamp":"2024-12-28T22:42:11.614Z"}
{"level":"warn","message":"Incorrect password for user admin@domain.com.","timestamp":"2024-12-28T22:42:29.038Z"}
{"level":"warn","message":"Incorrect password for user admin@domain.com.","timestamp":"2024-12-28T22:42:29.739Z"}
{"level":"warn","message":"Incorrect password for user admin@domain.com.","timestamp":"2024-12-28T22:42:29.908Z"}
{"level":"info","message":"Server is running","timestamp":"2024-12-28T22:42:41.355Z"}
{"level":"warn","message":"Incorrect password for user admin@domain.com.","timestamp":"2024-12-28T22:42:48.129Z"}
{"level":"warn","message":"Incorrect password for user admin@domain.com.","timestamp":"2024-12-28T22:42:48.682Z"}
{"level":"warn","message":"Incorrect password for user admin@domain.com.","timestamp":"2024-12-28T22:42:48.856Z"}
{"level":"warn","message":"Incorrect password for user admin@domain.com.","timestamp":"2024-12-28T22:43:03.891Z"}
{"level":"warn","message":"Incorrect password for user admin@domain.com.","timestamp":"2024-12-28T22:43:04.166Z"}
{"level":"warn","message":"Incorrect password for user admin@domain.com.","timestamp":"2024-12-28T22:43:04.333Z"}
{"level":"warn","message":"Incorrect password for user admin@domain.com.","timestamp":"2024-12-28T22:43:04.716Z"}
{"level":"warn","message":"Incorrect password for user admin@domain.com.","timestamp":"2024-12-28T22:43:04.904Z"}
{"level":"warn","message":"Incorrect password for user admin@domain.com.","timestamp":"2024-12-28T22:43:05.214Z"}
{"level":"warn","message":"Incorrect password for user admin@domain.com.","timestamp":"2024-12-28T22:43:32.362Z"}
{"level":"warn","message":"Incorrect password for user admin@domain.com.","timestamp":"2024-12-28T22:43:32.667Z"}
{"level":"warn","message":"Incorrect password for user admin@domain.com.","timestamp":"2024-12-28T22:43:45.824Z"}
{"level":"warn","message":"Incorrect password for user admin@domain.com.","timestamp":"2024-12-28T22:43:46.556Z"}
{"level":"info","message":"User with user@example.com logged in successfully.","timestamp":"2024-12-28T22:44:01.284Z"}
{"level":"info","message":"Server is running","timestamp":"2024-12-29T13:44:35.559Z"}
{"level":"info","message":"Server is running","timestamp":"2024-12-29T13:48:55.803Z"}
{"level":"info","message":"Server is running","timestamp":"2024-12-29T14:23:41.176Z"}
{"level":"info","message":"Server is running","timestamp":"2024-12-29T14:25:46.093Z"}
{"level":"info","message":"Server is running","timestamp":"2024-12-29T14:28:46.506Z"}
{"level":"info","message":"Server is running","timestamp":"2024-12-29T14:36:02.500Z"}
{"level":"info","message":"Server is running","timestamp":"2024-12-29T14:38:51.523Z"}
{"level":"info","message":"Server is running","timestamp":"2024-12-29T14:48:51.267Z"}
{"level":"warn","message":"Incorrect password for user admin@domain.com.","timestamp":"2024-12-29T14:54:39.331Z"}
{"level":"warn","message":"Incorrect password for user admin@domain.com.","timestamp":"2024-12-29T14:54:40.612Z"}
{"level":"info","message":"Server is running","timestamp":"2024-12-29T14:55:15.962Z"}
{"level":"warn","message":"Incorrect password for user admin@domain.com.","timestamp":"2024-12-29T14:55:18.766Z"}
{"level":"warn","message":"Incorrect password for user admin@domain.com.","timestamp":"2024-12-29T14:55:19.390Z"}
{"level":"info","message":"User with user@example.com logged in successfully.","timestamp":"2024-12-29T14:55:48.867Z"}
{"level":"info","message":"Server is running","timestamp":"2024-12-29T16:00:03.335Z"}
{"level":"info","message":"Server is running","timestamp":"2024-12-29T16:01:08.442Z"}
{"level":"info","message":"Server is running","timestamp":"2024-12-29T16:03:21.761Z"}
{"level":"info","message":"Server is running","timestamp":"2024-12-29T16:04:10.326Z"}
{"level":"info","message":"Server is running","timestamp":"2024-12-29T16:04:31.948Z"}
{"level":"info","message":"Server is running","timestamp":"2024-12-29T16:05:06.736Z"}
{"level":"info","message":"Server is running","timestamp":"2024-12-29T16:05:28.380Z"}
{"level":"info","message":"Server is running","timestamp":"2024-12-29T16:07:27.281Z"}
{"level":"info","message":"Server is running","timestamp":"2024-12-29T16:08:34.732Z"}
{"level":"info","message":"Server is running","timestamp":"2024-12-29T16:09:13.721Z"}
{"level":"info","message":"User with user@example.com logged in successfully.","timestamp":"2024-12-29T16:11:15.446Z"}
{"level":"info","message":"User with user@example.com logged in successfully.","timestamp":"2024-12-29T20:41:51.029Z"}
{"level":"info","message":"Server is running","timestamp":"2024-12-30T14:38:20.263Z"}
{"level":"info","message":"Server is running","timestamp":"2024-12-30T14:40:17.541Z"}
{"level":"info","message":"User with user@example.com logged in successfully.","timestamp":"2024-12-30T14:40:26.466Z"}
{"level":"info","message":"Server is running","timestamp":"2024-12-30T14:41:48.741Z"}
{"level":"info","message":"Server is running","timestamp":"2024-12-30T14:57:46.536Z"}
{"level":"info","message":"User with user@example.com logged in successfully.","timestamp":"2024-12-31T08:58:53.454Z"}
{"level":"info","message":"Server is running","timestamp":"2024-12-31T10:44:00.985Z"}
{"level":"info","message":"User with user@example.com logged in successfully.","timestamp":"2024-12-31T14:44:16.155Z"}
{"level":"info","message":"User with user@example.com logged in successfully.","timestamp":"2024-12-31T14:44:24.810Z"}
{"level":"info","message":"Server is running","timestamp":"2024-12-31T14:51:14.927Z"}
{"level":"info","message":"Server is running","timestamp":"2024-12-31T14:55:49.424Z"}
{"level":"info","message":"Server is running","timestamp":"2024-12-31T16:04:45.755Z"}
{"level":"info","message":"Server is running","timestamp":"2024-12-31T19:10:09.887Z"}
{"level":"info","message":"Server is running","timestamp":"2024-12-31T19:12:12.070Z"}
{"level":"info","message":"Server is running","timestamp":"2024-12-31T19:16:11.803Z"}
{"level":"warn","message":"User with email user@example.com or phone undefined not found.","timestamp":"2024-12-31T19:17:18.911Z"}
{"level":"warn","message":"Incorrect password for user alice@prisma.io.","timestamp":"2024-12-31T19:17:36.968Z"}
{"level":"warn","message":"Incorrect password for user alice@prisma.io.","timestamp":"2024-12-31T19:17:37.512Z"}
{"level":"warn","message":"Incorrect password for user alice@prisma.io.","timestamp":"2024-12-31T19:21:08.163Z"}
{"level":"info","message":"Server is running","timestamp":"2024-12-31T19:21:19.599Z"}
{"level":"info","message":"User with alice@prisma.io logged in successfully.","timestamp":"2024-12-31T19:21:22.118Z"}
{"level":"info","message":"Server is running","timestamp":"2024-12-31T20:36:17.055Z"}
{"level":"info","message":"Server is running","timestamp":"2024-12-31T20:39:32.926Z"}
{"level":"info","message":"Server is running","timestamp":"2024-12-31T20:41:55.207Z"}
{"level":"info","message":"Server is running","timestamp":"2024-12-31T20:52:24.815Z"}
{"level":"info","message":"Server is running","timestamp":"2024-12-31T20:56:13.934Z"}
{"level":"info","message":"Server is running","timestamp":"2024-12-31T20:57:34.780Z"}
{"level":"info","message":"Server is running","timestamp":"2024-12-31T20:58:29.683Z"}
{"level":"info","message":"Server is running","timestamp":"2024-12-31T21:00:53.312Z"}
{"level":"info","message":"Server is running","timestamp":"2024-12-31T21:03:08.643Z"}
{"level":"info","message":"Server is running","timestamp":"2024-12-31T21:05:12.896Z"}
{"level":"info","message":"Server is running","timestamp":"2024-12-31T21:09:32.554Z"}
{"level":"info","message":"Server is running","timestamp":"2024-12-31T21:10:33.071Z"}
{"level":"info","message":"Server is running","timestamp":"2024-12-31T21:18:10.822Z"}
{"level":"info","message":"Server is running","timestamp":"2024-12-31T21:19:36.462Z"}
{"level":"info","message":"Server is running","timestamp":"2024-12-31T21:23:35.424Z"}
{"level":"info","message":"Server is running","timestamp":"2024-12-31T21:26:29.676Z"}
{"level":"info","message":"Server is running","timestamp":"2024-12-31T21:30:35.329Z"}
{"level":"info","message":"Server is running","timestamp":"2024-12-31T21:37:48.357Z"}
{"level":"info","message":"Server is running","timestamp":"2024-12-31T23:57:13.283Z"}
{"level":"info","message":"User with alice@prisma.io logged in successfully.","timestamp":"2024-12-31T23:57:17.962Z"}
{"level":"info","message":"User with alice@prisma.io logged in successfully.","timestamp":"2025-01-01T12:26:38.494Z"}
{"level":"info","message":"Server is running","timestamp":"2025-01-01T12:27:21.851Z"}
{"level":"info","message":"User with alice@prisma.io logged in successfully.","timestamp":"2025-01-01T12:28:01.207Z"}
{"level":"info","message":"User with alice@prisma.io logged in successfully.","timestamp":"2025-01-01T12:28:08.333Z"}
{"level":"info","message":"User with alice@prisma.io logged in successfully.","timestamp":"2025-01-01T12:59:51.807Z"}
{"level":"info","message":"User with alice@prisma.io logged in successfully.","timestamp":"2025-01-01T13:04:45.776Z"}
{"level":"info","message":"User with alice@prisma.io logged in successfully.","timestamp":"2025-01-01T13:05:17.505Z"}
{"level":"info","message":"User with alice@prisma.io logged in successfully.","timestamp":"2025-01-01T13:09:23.664Z"}
{"level":"info","message":"User with alice@prisma.io logged in successfully.","timestamp":"2025-01-01T13:10:28.152Z"}
{"level":"info","message":"User xolobowy@mailinator.com created successfully.","timestamp":"2025-01-01T13:14:00.261Z"}
{"level":"error","message":"Error in register: PrismaClientKnownRequestError: \nInvalid `prisma.user.create()` invocation in\n/Users/anasaljawabrah/web/prisma-examples/orm/express/src/services/userService.ts:78:22\n\n  75 \n  76 export const createUser = async (data: { name: string; email: string; password: string; phone: string }) => {\n  77   const hashedPassword = await bcrypt.hash(data.password, 10);\n→ 78   return prisma.user.create(\nUnique constraint failed on the constraint: `User_phone_key`","timestamp":"2025-01-01T13:16:02.460Z"}
{"level":"error","message":"Error in register: PrismaClientKnownRequestError: \nInvalid `prisma.user.create()` invocation in\n/Users/anasaljawabrah/web/prisma-examples/orm/express/src/services/userService.ts:78:22\n\n  75 \n  76 export const createUser = async (data: { name: string; email: string; password: string; phone: string }) => {\n  77   const hashedPassword = await bcrypt.hash(data.password, 10);\n→ 78   return prisma.user.create(\nUnique constraint failed on the constraint: `User_phone_key`","timestamp":"2025-01-01T13:16:08.016Z"}
{"level":"info","message":"User ana@gmail.com created successfully.","timestamp":"2025-01-01T13:16:15.950Z"}
{"level":"info","message":"User gokani@mailinator.com created successfully.","timestamp":"2025-01-01T13:16:36.542Z"}
{"level":"info","message":"User gokani@mfailinator.com created successfully.","timestamp":"2025-01-01T13:17:58.707Z"}
